<?xml version="1.0" encoding="UTF-8"?>
<!-- Generated by org.testng.reporters.JUnitXMLReporter -->
<testsuite hostname="DESKTOP-BTQFDNR" ignored="1" name="Test" tests="5" failures="1" timestamp="01 Dec 2023 12:06:16 GMT" time="187.926" errors="0">
  <testcase name="eduleyInstituteRegister" time="41.562" classname="com.dev.Eduley.EduleyAutomationInstituteRegister"/>
  <testcase name="eduleyIAPForgotPasswordVerification" time="46.556" classname="com.dev.Eduley.EduleyAutomationInstituteRegister"/>
  <testcase name="eduleyIAPLoginVerification" time="48.223" classname="com.dev.Eduley.EduleyAutomationInstituteRegister"/>
  <testcase name="eduleySTP_SignupAndLoginVerification" time="30.02" classname="com.dev.Eduley.EduleyAutomationInstituteRegister">
    <failure type="org.openqa.selenium.TimeoutException" message="timeout: Timed out receiving message from renderer: 29.480
  (Session info: chrome=119.0.6045.200)
Build info: version: &amp;apos;3.141.59&amp;apos;, revision: &amp;apos;e82be7d358&amp;apos;, time: &amp;apos;2018-11-14T08:17:03&amp;apos;
System info: host: &amp;apos;DESKTOP-BTQFDNR&amp;apos;, ip: &amp;apos;192.168.1.3&amp;apos;, os.name: &amp;apos;Windows 10&amp;apos;, os.arch: &amp;apos;amd64&amp;apos;, os.version: &amp;apos;10.0&amp;apos;, java.version: &amp;apos;1.8.0_202&amp;apos;
Driver info: org.openqa.selenium.chrome.ChromeDriver
Capabilities {acceptInsecureCerts: false, browserName: chrome, browserVersion: 119.0.6045.200, chrome: {chromedriverVersion: 119.0.6045.105 (38c72552c5e..., userDataDir: C:\Users\chennai\AppData\Lo...}, fedcm:accounts: true, goog:chromeOptions: {debuggerAddress: localhost:49263}, javascriptEnabled: true, networkConnectionEnabled: false, pageLoadStrategy: normal, platform: WINDOWS, platformName: WINDOWS, proxy: Proxy(), setWindowRect: true, strictFileInteractability: false, timeouts: {implicit: 0, pageLoad: 300000, script: 30000}, unhandledPromptBehavior: dismiss and notify, webauthn:extension:credBlob: true, webauthn:extension:largeBlob: true, webauthn:extension:minPinLength: true, webauthn:extension:prf: true, webauthn:virtualAuthenticators: true}
Session ID: bc4316af548ff1596bbe55e98870f1bc">
      <![CDATA[org.openqa.selenium.TimeoutException: timeout: Timed out receiving message from renderer: 29.480
  (Session info: chrome=119.0.6045.200)
Build info: version: '3.141.59', revision: 'e82be7d358', time: '2018-11-14T08:17:03'
System info: host: 'DESKTOP-BTQFDNR', ip: '192.168.1.3', os.name: 'Windows 10', os.arch: 'amd64', os.version: '10.0', java.version: '1.8.0_202'
Driver info: org.openqa.selenium.chrome.ChromeDriver
Capabilities {acceptInsecureCerts: false, browserName: chrome, browserVersion: 119.0.6045.200, chrome: {chromedriverVersion: 119.0.6045.105 (38c72552c5e..., userDataDir: C:\Users\chennai\AppData\Lo...}, fedcm:accounts: true, goog:chromeOptions: {debuggerAddress: localhost:49263}, javascriptEnabled: true, networkConnectionEnabled: false, pageLoadStrategy: normal, platform: WINDOWS, platformName: WINDOWS, proxy: Proxy(), setWindowRect: true, strictFileInteractability: false, timeouts: {implicit: 0, pageLoad: 300000, script: 30000}, unhandledPromptBehavior: dismiss and notify, webauthn:extension:credBlob: true, webauthn:extension:largeBlob: true, webauthn:extension:minPinLength: true, webauthn:extension:prf: true, webauthn:virtualAuthenticators: true}
Session ID: bc4316af548ff1596bbe55e98870f1bc
at org.openqa.selenium.remote.http.W3CHttpResponseCodec.createException(W3CHttpResponseCodec.java:187)
at org.openqa.selenium.remote.http.W3CHttpResponseCodec.decode(W3CHttpResponseCodec.java:122)
at org.openqa.selenium.remote.http.W3CHttpResponseCodec.decode(W3CHttpResponseCodec.java:49)
at org.openqa.selenium.remote.HttpCommandExecutor.execute(HttpCommandExecutor.java:158)
at org.openqa.selenium.remote.service.DriverCommandExecutor.execute(DriverCommandExecutor.java:83)
at org.openqa.selenium.remote.RemoteWebDriver.execute(RemoteWebDriver.java:552)
at org.openqa.selenium.remote.RemoteWebDriver.get(RemoteWebDriver.java:277)
at pages.IAP_STP_VerificationPage.launchStudentPortel(IAP_STP_VerificationPage.java:29)
at com.dev.Eduley.EduleyAutomationInstituteRegister.eduleySTP_SignupAndLoginVerification(EduleyAutomationInstituteRegister.java:162)
... Removed 29 stack frames]]>
    </failure>
  </testcase> <!-- eduleySTP_SignupAndLoginVerification -->
  <testcase name="eduleySTP_ForgotPasswordVerification" time="0.0" classname="com.dev.Eduley.EduleyAutomationInstituteRegister">
    <skipped/>
  </testcase> <!-- eduleySTP_ForgotPasswordVerification -->
  <testcase name="eduleyIAPAddCourse" time="0.0" classname="com.dev.Eduley.EduleyAutomationInstituteRegister">
    <ignored/>
  </testcase> <!-- eduleyIAPAddCourse -->
</testsuite> <!-- Test -->
